IQ-TREE multicore version 1.3.10 for Mac OS X 64-bit built Oct 15 2015
Copyright (c) 2011-2015 Nguyen Lam Tung, Olga Chernomor, Arndt von Haeseler and Bui Quang Minh.

Host:    vetmac06.vet.cam.ac.uk (AVX, 64 GB RAM)
Command: iqtree-omp -s mers.fas -m TESTMODELNEW -nt 8
Seed:    352233 (Using SPRNG - Scalable Parallel Random Number Generator)
Time:    Mon Nov 30 16:04:07 2015
Kernel:  AVX - 8 threads (16 CPU cores detected)

Reading alignment file mers.fas ... Fasta format detected
Alignment most likely contains DNA/RNA sequences
Alignment has 53 sequences with 30124 columns and 348 patterns (222 informative sites)
                     Gap/Ambiguity  Composition  p-value
   1  KF186564_2013-05-01    0.14%    passed     99.94%
   2  KF186566_2013-04-21    0.04%    passed     99.95%
   3  KF186567_2013-05-09    0.02%    passed     99.95%
   4  KF186565_2013-04-22    0.18%    passed     99.92%
   5  KF600612_2012-10-23    0.20%    passed     99.95%
   6  KF600613_2013-02-05    0.20%    passed     99.98%
   7  KF600620_2012-06-19    0.25%    passed     99.91%
   8  KF600627_2013-05-07    0.16%    passed     99.95%
   9  KF600628_2013-06-04    0.07%    passed    100.00%
  10  KF600630_2013-05-13    0.14%    passed     99.95%
  11  KF600632_2013-05-23    0.05%    passed     99.92%
  12  KF600634_2013-05-30    0.20%    passed     99.99%
  13  KF600644_2013-05-12    0.16%    passed     99.92%
  14  KF600645_2013-05-11    0.18%    passed     99.89%
  15  KF600647_2013-05-15    0.03%    passed     99.93%
  16  KF600651_2013-05-23    0.06%    passed     99.96%
  17  KF600652_2012-10-30    0.14%    passed     99.93%
  18  KF958702_2013-11-05    0.91%    passed     99.52%
  19  KJ156866_2013-05-02    0.23%    passed     99.99%
  20  KJ156869_2013-07-17    0.23%    passed    100.00%
  21  KJ156874_2013-08-28    0.23%    passed     99.96%
  22  KJ156881_2013-06-12    0.23%    passed     99.99%
  23  KJ156910_2013-08-05    0.24%    passed     99.96%
  24  KJ156934_2013-08-15    0.23%    passed     99.99%
  25  KJ156944_2013-07-02    0.23%    passed     99.95%
  26  KJ156949_2013-06-12    0.23%    passed     99.79%
  27  KJ156952_2013-03-01    0.23%    passed     99.97%
  28  KJ556336_2013-11-06    0.78%    passed     99.99%
  29  KJ650295_2013-12-30    0.08%    passed     99.99%
  30  KJ650296_2013-12-30    0.08%    passed     99.99%
  31  KJ650297_2013-11-30    0.06%    passed     99.99%
  32  KJ713295_2013-11       0.04%    passed    100.00%
  33  KJ713296_2013-11       0.04%    passed     99.99%
  34  KJ713297_2013-11       0.03%    passed     99.94%
  35  KJ713298_2013-11       0.14%    passed     99.99%
  36  KJ713299_2013-11       0.03%    passed     99.99%
  37  KM027255_2014-04-05    0.68%    passed     99.91%
  38  KM027256_2014-04-03    0.68%    passed     99.88%
  39  KM027257_2014-04-07    1.16%    passed     99.55%
  40  KM027258_2014-04-12    1.05%    passed     99.73%
  41  KM027259_2014-04-14    0.68%    passed     99.89%
  42  KM027260_2014-04-21    0.83%    passed     99.92%
  43  KM027261_2014-04-15    1.05%    passed     99.82%
  44  KM027262_2014-04-22    0.76%    passed     99.93%
  45  KR011263_2015-01-21    0.09%    passed     99.98%
  46  KR011264_2015-01-21    0.09%    passed     99.98%
  47  KR011265_2015-01-26    0.10%    passed     99.97%
  48  KR011266_2015-01-06    0.09%    passed     99.98%
  49  KT026453_2015-02-10    0.03%    passed     99.48%
  50  KT026454_2015-03-01    0.00%    passed     99.83%
  51  KT026455_2015-02-10    0.03%    passed     99.48%
  52  KT026456_2015-03-01    0.01%    passed     99.89%
  53  KF917527_2013-11-08    0.91%    passed     99.52%
****  TOTAL                  0.28%  0 sequences failed composition chi2 test (p-value<5%; df=3)
NOTE: 4 identical sequences will be ignored during tree search

Create initial parsimony tree by phylogenetic likelihood library (PLL)... 0.004 seconds
NOTE: MODEL SELECTION REQUIRES 5 MB MEMORY!
Testing 286 DNA models (sample size: 30124) ...
 No. Model         -LnL         df  AIC          AICc         BIC
  1  JC            46719.685    95  93629.371    93629.978    94419.113
  2  JC+I          46386.953    96  92965.906    92966.526    93763.961
  3  JC+G4         46560.814    96  93313.628    93314.248    94111.683
  4  JC+I+G4       46381.360    97  92956.721    92957.354    93763.089
  5  JC+R2         46390.047    97  92974.094    92974.727    93780.462
  6  JC+R3         46385.641    99  92969.282    92969.941    93792.277
  7  JC+R4         46385.636    101 92973.272    92973.958    93812.893
  8  JC+R5         Skipped 
  9  JC+R6         Skipped 
 10  JC+R7         Skipped 
 11  JC+R8         Skipped 
 12  JC+R9         Skipped 
 13  JC+R10        Skipped 
 14  F81           46109.000    98  92414.001    92414.647    93228.682
 15  F81+I         45780.233    99  91758.467    91759.126    92581.461
 16  F81+G4        45950.455    99  92098.911    92099.570    92921.905
 17  F81+I+G4      45774.469    100 91748.937    91749.610    92580.245
 18  F81+R2        45780.129    100 91760.257    91760.930    92591.565
 19  F81+R3        45780.119    102 91764.237    91764.937    92612.171
 20  F81+R4        Skipped 
 21  F81+R5        Skipped 
 22  F81+R6        Skipped 
 23  F81+R7        Skipped 
 24  F81+R8        Skipped 
 25  F81+R9        Skipped 
 26  F81+R10       Skipped 
 27  K2P           46502.112    96  93196.223    93196.843    93994.279
 28  K2P+I         46167.170    97  92528.341    92528.974    93334.709
 29  K2P+G4        46343.058    97  92880.116    92880.749    93686.484
 30  K2P+I+G4      46161.280    98  92518.560    92519.207    93333.242
 31  K2P+R2        46167.128    98  92530.256    92530.902    93344.937
 32  K2P+R3        46167.121    100 92534.242    92534.915    93365.550
 33  K2P+R4        Skipped 
 34  K2P+R5        Skipped 
 35  K2P+R6        Skipped 
 36  K2P+R7        Skipped 
 37  K2P+R8        Skipped 
 38  K2P+R9        Skipped 
 39  K2P+R10       Skipped 
 40  HKY           45885.400    99  91968.801    91969.460    92791.795
 41  HKY+I         45563.864    100 91327.729    91328.402    92159.036
 42  HKY+G4        45727.420    100 91654.841    91655.513    92486.148
 43  HKY+I+G4      45557.333    101 91316.665    91317.351    92156.286
 44  HKY+R2        45563.884    101 91329.768    91330.454    92169.389
 45  HKY+R3        45563.888    103 91333.777    91334.490    92190.024
 46  HKY+R4        Skipped 
 47  HKY+R5        Skipped 
 48  HKY+R6        Skipped 
 49  HKY+R7        Skipped 
 50  HKY+R8        Skipped 
 51  HKY+R9        Skipped 
 52  HKY+R10       Skipped 
 53  TNe           46460.014    97  93114.028    93114.661    93920.397
 54  TNe+I         46134.142    98  92464.283    92464.930    93278.965
 55  TNe+G4        46301.152    98  92798.304    92798.950    93612.985
 56  TNe+I+G4      46126.615    99  92451.230    92451.890    93274.225
 57  TNe+R2        46134.134    99  92466.268    92466.927    93289.262
 58  TNe+R3        46134.129    101 92470.258    92470.944    93309.879
 59  TNe+R4        Skipped 
 60  TNe+R5        Skipped 
 61  TNe+R6        Skipped 
 62  TNe+R7        Skipped 
 63  TNe+R8        Skipped 
 64  TNe+R9        Skipped 
 65  TNe+R10       Skipped 
 66  TN            45849.762    100 91899.523    91900.196    92730.831
 67  TN+I          45537.710    101 91277.421    91278.107    92117.042
 68  TN+G4         45692.058    101 91586.115    91586.802    92425.736
 69  TN+I+G4       45529.612    102 91263.224    91263.924    92111.158
 70  TN+R2         45537.751    102 91279.501    91280.201    92127.435
 71  TN+R3         45537.761    104 91283.521    91284.249    92148.081
 72  TN+R4         Skipped 
 73  TN+R5         Skipped 
 74  TN+R6         Skipped 
 75  TN+R7         Skipped 
 76  TN+R8         Skipped 
 77  TN+R9         Skipped 
 78  TN+R10        Skipped 
 79  K3P           46496.839    97  93187.679    93188.312    93994.047
 80  K3P+I         46161.621    98  92519.242    92519.889    93333.924
 81  K3P+G4        46337.580    98  92871.159    92871.805    93685.841
 82  K3P+I+G4      46155.689    99  92509.379    92510.038    93332.373
 83  K3P+R2        46161.489    99  92520.978    92521.637    93343.973
 84  K3P+R3        46161.453    101 92524.905    92525.591    93364.526
 85  K3P+R4        Skipped 
 86  K3P+R5        Skipped 
 87  K3P+R6        Skipped 
 88  K3P+R7        Skipped 
 89  K3P+R8        Skipped 
 90  K3P+R9        Skipped 
 91  K3P+R10       Skipped 
 92  K3Pu          45878.906    100 91957.812    91958.485    92789.120
 93  K3Pu+I        45557.897    101 91317.795    91318.481    92157.416
 94  K3Pu+G4       45721.010    101 91644.020    91644.706    92483.640
 95  K3Pu+I+G4     45551.331    102 91306.661    91307.361    92154.595
 96  K3Pu+R2       45557.992    102 91319.985    91320.685    92167.919
 97  K3Pu+R3       45557.994    104 91323.988    91324.716    92188.548
 98  K3Pu+R4       Skipped 
 99  K3Pu+R5       Skipped 
100  K3Pu+R6       Skipped 
101  K3Pu+R7       Skipped 
102  K3Pu+R8       Skipped 
103  K3Pu+R9       Skipped 
104  K3Pu+R10      Skipped 
105  TPM2          45877.939    100 91955.877    91956.550    92787.185
106  TPM2+I        45557.548    101 91317.097    91317.783    92156.718
107  TPM2+G4       45720.013    101 91642.026    91642.712    92481.647
108  TPM2+I+G4     45550.939    102 91305.877    91306.577    92153.811
109  TPM2+R2       45557.540    102 91319.080    91319.780    92167.014
110  TPM2+R3       45557.531    104 91323.062    91323.790    92187.622
111  TPM2+R4       Skipped 
112  TPM2+R5       Skipped 
113  TPM2+R6       Skipped 
114  TPM2+R7       Skipped 
115  TPM2+R8       Skipped 
116  TPM2+R9       Skipped 
117  TPM2+R10      Skipped 
118  TPM2u         45877.930    100 91955.859    91956.532    92787.167
119  TPM2u+I       45557.542    101 91317.083    91317.770    92156.704
120  TPM2u+G4      45720.006    101 91642.011    91642.697    92481.632
121  TPM2u+I+G4    45550.933    102 91305.865    91306.565    92153.799
122  TPM2u+R2      45557.527    102 91319.054    91319.753    92166.987
123  TPM2u+R3      45557.521    104 91323.042    91323.770    92187.602
124  TPM2u+R4      Skipped 
125  TPM2u+R5      Skipped 
126  TPM2u+R6      Skipped 
127  TPM2u+R7      Skipped 
128  TPM2u+R8      Skipped 
129  TPM2u+R9      Skipped 
130  TPM2u+R10     Skipped 
131  TPM3          45885.376    100 91970.752    91971.425    92802.060
132  TPM3+I        45563.656    101 91329.312    91329.999    92168.933
133  TPM3+G4       45727.371    101 91656.742    91657.428    92496.362
134  TPM3+I+G4     45556.995    102 91317.990    91318.690    92165.924
135  TPM3+R2       45563.495    102 91330.990    91331.690    92178.924
136  TPM3+R3       45563.492    104 91334.983    91335.711    92199.544
137  TPM3+R4       Skipped 
138  TPM3+R5       Skipped 
139  TPM3+R6       Skipped 
140  TPM3+R7       Skipped 
141  TPM3+R8       Skipped 
142  TPM3+R9       Skipped 
143  TPM3+R10      Skipped 
144  TPM3u         45885.372    100 91970.744    91971.416    92802.051
145  TPM3u+I       45563.673    101 91329.346    91330.032    92168.967
146  TPM3u+G4      45727.360    101 91656.720    91657.406    92496.341
147  TPM3u+I+G4    45557.002    102 91318.003    91318.703    92165.937
148  TPM3u+R2      45563.502    102 91331.005    91331.705    92178.939
149  TPM3u+R3      45563.498    104 91334.997    91335.725    92199.557
150  TPM3u+R4      Skipped 
151  TPM3u+R5      Skipped 
152  TPM3u+R6      Skipped 
153  TPM3u+R7      Skipped 
154  TPM3u+R8      Skipped 
155  TPM3u+R9      Skipped 
156  TPM3u+R10     Skipped 
157  TIMe          46454.991    98  93105.982    93106.628    93920.664
158  TIMe+I        46128.775    99  92455.551    92456.210    93278.545
159  TIMe+G4       46295.977    99  92789.954    92790.614    93612.949
160  TIMe+I+G4     46121.171    100 92442.342    92443.015    93273.650
161  TIMe+R2       46128.564    100 92457.127    92457.800    93288.435
162  TIMe+R3       46128.554    102 92461.108    92461.808    93309.042
163  TIMe+R4       Skipped 
164  TIMe+R5       Skipped 
165  TIMe+R6       Skipped 
166  TIMe+R7       Skipped 
167  TIMe+R8       Skipped 
168  TIMe+R9       Skipped 
169  TIMe+R10      Skipped 
170  TIM           45843.963    101 91889.927    91890.613    92729.548
171  TIM+I         45532.267    102 91268.534    91269.234    92116.468
172  TIM+G4        45685.595    102 91575.190    91575.890    92423.124
173  TIM+I+G4      45523.499    103 91252.998    91253.712    92109.245
174  TIM+R2        45531.710    103 91269.420    91270.134    92125.667
175  TIM+R3        45531.719    105 91273.438    91274.179    92146.311
176  TIM+R4        Skipped 
177  TIM+R5        Skipped 
178  TIM+R6        Skipped 
179  TIM+R7        Skipped 
180  TIM+R8        Skipped 
181  TIM+R9        Skipped 
182  TIM+R10       Skipped 
183  TIM2e         46455.317    98  93106.635    93107.281    93921.316
184  TIM2e+I       46130.218    99  92458.435    92459.095    93281.430
185  TIM2e+G4      46295.954    99  92789.909    92790.568    93612.903
186  TIM2e+I+G4    46122.617    100 92445.234    92445.907    93276.542
187  TIM2e+R2      46129.999    100 92459.999    92460.672    93291.307
188  TIM2e+R3      46129.966    102 92463.933    92464.633    93311.867
189  TIM2e+R4      Skipped 
190  TIM2e+R5      Skipped 
191  TIM2e+R6      Skipped 
192  TIM2e+R7      Skipped 
193  TIM2e+R8      Skipped 
194  TIM2e+R9      Skipped 
195  TIM2e+R10     Skipped 
196  TIM2          45843.070    101 91888.141    91888.827    92727.762
197  TIM2+I        45531.914    102 91267.827    91268.527    92115.761
198  TIM2+G4       45684.565    102 91573.130    91573.830    92421.064
199  TIM2+I+G4     45523.211    103 91252.423    91253.136    92108.670
200  TIM2+R2       45509.136    103 91224.273    91224.986    92080.520
201  TIM2+R3       45509.218    105 91228.436    91229.178    92101.309
202  TIM2+R4       Skipped 
203  TIM2+R5       Skipped 
204  TIM2+R6       Skipped 
205  TIM2+R7       Skipped 
206  TIM2+R8       Skipped 
207  TIM2+R9       Skipped 
208  TIM2+R10      Skipped 
209  TIM3e         46459.133    98  93114.266    93114.912    93928.947
210  TIM3e+I       46130.885    99  92459.770    92460.429    93282.764
211  TIM3e+G4      46299.907    99  92797.815    92798.474    93620.810
212  TIM3e+I+G4    46123.292    100 92446.584    92447.257    93277.892
213  TIM3e+R2      46111.673    100 92423.345    92424.018    93254.653
214  TIM3e+R3      46111.671    102 92427.341    92428.041    93275.275
215  TIM3e+R4      Skipped 
216  TIM3e+R5      Skipped 
217  TIM3e+R6      Skipped 
218  TIM3e+R7      Skipped 
219  TIM3e+R8      Skipped 
220  TIM3e+R9      Skipped 
221  TIM3e+R10     Skipped 
222  TIM3          45849.737    101 91901.475    91902.161    92741.096
223  TIM3+I        45537.569    102 91279.138    91279.838    92127.072
224  TIM3+G4       45692.070    102 91588.140    91588.840    92436.074
225  TIM3+I+G4     45529.562    103 91265.124    91265.838    92121.371
226  TIM3+R2       45516.034    103 91238.069    91238.782    92094.316
227  TIM3+R3       45516.029    105 91242.058    91242.799    92114.931
228  TIM3+R4       Skipped 
229  TIM3+R5       Skipped 
230  TIM3+R6       Skipped 
231  TIM3+R7       Skipped 
232  TIM3+R8       Skipped 
233  TIM3+R9       Skipped 
234  TIM3+R10      Skipped 
235  TVMe          46492.111    99  93182.222    93182.882    94005.217
236  TVMe+I        46155.945    100 92511.890    92512.563    93343.198
237  TVMe+G4       46332.973    100 92865.947    92866.620    93697.254
238  TVMe+I+G4     46149.984    101 92501.967    92502.654    93341.588
239  TVMe+R2       46142.341    101 92486.682    92487.369    93326.303
240  TVMe+R3       46142.339    103 92490.678    92491.392    93346.925
241  TVMe+R4       Skipped 
242  TVMe+R5       Skipped 
243  TVMe+R6       Skipped 
244  TVMe+R7       Skipped 
245  TVMe+R8       Skipped 
246  TVMe+R9       Skipped 
247  TVMe+R10      Skipped 
248  TVM           45876.387    102 91956.773    91957.473    92804.707
249  TVM+I         45553.810    103 91313.621    91314.334    92169.868
250  TVM+G4        45718.235    103 91642.470    91643.184    92498.717
251  TVM+I+G4      45546.290    104 91300.580    91301.307    92165.140
252  TVM+R2        45536.451    104 91280.902    91281.630    92145.462
253  TVM+R3        45536.451    106 91284.901    91285.657    92166.087
254  TVM+R4        Skipped 
255  TVM+R5        Skipped 
256  TVM+R6        Skipped 
257  TVM+R7        Skipped 
258  TVM+R8        Skipped 
259  TVM+R9        Skipped 
260  TVM+R10       Skipped 
261  SYM           46449.944    100 93099.888    93100.561    93931.196
262  SYM+I         46122.492    101 92446.985    92447.671    93286.605
263  SYM+G4        46290.953    101 92783.906    92784.592    93623.526
264  SYM+I+G4      46115.026    102 92434.052    92434.752    93281.986
265  SYM+R2        46103.607    102 92411.215    92411.915    93259.149
266  SYM+R3        46103.603    104 92415.206    92415.934    93279.766
267  SYM+R4        Skipped 
268  SYM+R5        Skipped 
269  SYM+R6        Skipped 
270  SYM+R7        Skipped 
271  SYM+R8        Skipped 
272  SYM+R9        Skipped 
273  SYM+R10       Skipped 
274  GTR           45838.361    103 91882.721    91883.435    92738.968
275  GTR+I         45527.349    104 91262.698    91263.425    92127.258
276  GTR+G4        45680.668    104 91569.336    91570.063    92433.896
277  GTR+I+G4      45519.044    105 91248.089    91248.830    92120.962
278  GTR+R2        45505.353    105 91220.706    91221.448    92093.580
279  GTR+R3        45505.341    107 91224.682    91225.452    92114.182
280  GTR+R4        Skipped 
281  GTR+R5        Skipped 
282  GTR+R6        Skipped 
283  GTR+R7        Skipped 
284  GTR+R8        Skipped 
285  GTR+R9        Skipped 
286  GTR+R10       Skipped 
Akaike Information Criterion:           GTR+R2
Corrected Akaike Information Criterion: GTR+R2
Bayesian Information Criterion:         TIM2+R2
Best-fit model: TIM2+R2 chosen according to BIC
CPU time for model selection: 202.830 seconds.

NOTE: 1 MB RAM is required!
Estimate model parameters (epsilon = 0.100)
1. Initial log-likelihood: -45797.432
2. Current log-likelihood: -45778.518
3. Current log-likelihood: -45768.659
4. Current log-likelihood: -45764.564
5. Current log-likelihood: -45762.385
6. Current log-likelihood: -45760.832
7. Current log-likelihood: -45759.665
8. Current log-likelihood: -45758.623
9. Current log-likelihood: -45757.611
10. Current log-likelihood: -45756.599
11. Current log-likelihood: -45755.606
12. Current log-likelihood: -45754.432
13. Current log-likelihood: -45753.128
14. Current log-likelihood: -45751.993
15. Current log-likelihood: -45750.903
16. Current log-likelihood: -45749.741
17. Current log-likelihood: -45748.555
18. Current log-likelihood: -45747.432
19. Current log-likelihood: -45746.290
20. Current log-likelihood: -45745.125
21. Current log-likelihood: -45743.906
22. Current log-likelihood: -45742.721
23. Current log-likelihood: -45741.518
24. Current log-likelihood: -45740.277
25. Current log-likelihood: -45738.992
26. Current log-likelihood: -45737.733
27. Current log-likelihood: -45736.455
28. Current log-likelihood: -45735.150
29. Current log-likelihood: -45733.826
30. Current log-likelihood: -45732.474
31. Current log-likelihood: -45731.096
32. Current log-likelihood: -45729.698
33. Current log-likelihood: -45728.274
34. Current log-likelihood: -45726.826
35. Current log-likelihood: -45725.350
36. Current log-likelihood: -45723.851
37. Current log-likelihood: -45722.322
38. Current log-likelihood: -45720.768
39. Current log-likelihood: -45719.182
40. Current log-likelihood: -45717.569
41. Current log-likelihood: -45715.922
42. Current log-likelihood: -45714.247
43. Current log-likelihood: -45712.534
44. Current log-likelihood: -45710.791
45. Current log-likelihood: -45709.013
46. Current log-likelihood: -45707.198
47. Current log-likelihood: -45705.345
48. Current log-likelihood: -45703.458
49. Current log-likelihood: -45701.528
50. Current log-likelihood: -45699.557
51. Current log-likelihood: -45697.546
52. Current log-likelihood: -45695.491
53. Current log-likelihood: -45693.388
54. Current log-likelihood: -45691.239
55. Current log-likelihood: -45689.042
56. Current log-likelihood: -45686.793
57. Current log-likelihood: -45684.494
58. Current log-likelihood: -45682.142
59. Current log-likelihood: -45679.734
60. Current log-likelihood: -45677.270
61. Current log-likelihood: -45674.750
62. Current log-likelihood: -45672.159
63. Current log-likelihood: -45669.513
64. Current log-likelihood: -45666.794
65. Current log-likelihood: -45664.010
66. Current log-likelihood: -45661.151
67. Current log-likelihood: -45658.219
68. Current log-likelihood: -45655.210
69. Current log-likelihood: -45652.124
70. Current log-likelihood: -45648.956
71. Current log-likelihood: -45645.705
72. Current log-likelihood: -45642.365
73. Current log-likelihood: -45638.938
74. Current log-likelihood: -45635.420
75. Current log-likelihood: -45631.811
76. Current log-likelihood: -45628.107
77. Current log-likelihood: -45624.310
78. Current log-likelihood: -45620.401
79. Current log-likelihood: -45616.396
80. Current log-likelihood: -45612.301
81. Current log-likelihood: -45608.101
82. Current log-likelihood: -45603.817
83. Current log-likelihood: -45599.437
84. Current log-likelihood: -45594.977
85. Current log-likelihood: -45590.450
86. Current log-likelihood: -45585.865
87. Current log-likelihood: -45581.246
88. Current log-likelihood: -45576.605
89. Current log-likelihood: -45571.988
90. Current log-likelihood: -45567.421
91. Current log-likelihood: -45562.949
92. Current log-likelihood: -45558.615
93. Current log-likelihood: -45554.479
94. Current log-likelihood: -45550.590
95. Current log-likelihood: -45547.011
96. Current log-likelihood: -45543.778
97. Current log-likelihood: -45540.949
98. Current log-likelihood: -45538.533
99. Current log-likelihood: -45536.539
Optimal log-likelihood: -45536.539
Rate parameters:  A-C: 0.491  A-G: 3.031  A-T: 0.491  C-G: 1.000  C-T: 8.016  G-T: 1.000
Base frequencies:   A: 0.262  C: 0.203  G: 0.209  T: 0.326
Site proportion and rates:  (0.956,0.000) (0.044,22.486)
Parameters optimization took 99 rounds (3.329 sec)

--------------------------------------------------------------------
|             INITIALIZING CANDIDATE TREE SET                      |
--------------------------------------------------------------------
Computing ML distances based on estimated model parameters... 0.042 sec
Computing BIONJ tree...
0.005 seconds
Log-likelihood of BIONJ tree: -45553.933
Generating 98 parsimony trees... 0.315 seconds 100 distinct starting trees
Computing log-likelihood of 100 initial trees ... 0.604 seconds
Optimizing top 20 initial trees with NNI...
Iteration 1 / LogL: -45536.405 / Time: 0h:0m:30s
Estimate model parameters (epsilon = 0.100)
BETTER TREE FOUND at iteration 1: -45530.848
Iteration 2 / LogL: -45532.232 / Time: 0h:0m:30s
Iteration 3 / LogL: -45532.294 / Time: 0h:0m:30s
Iteration 4 / LogL: -45532.235 / Time: 0h:0m:30s
Iteration 5 / LogL: -45532.295 / Time: 0h:0m:30s
Iteration 6 / LogL: -45532.226 / Time: 0h:0m:30s
Iteration 7 / LogL: -45532.355 / Time: 0h:0m:30s
Iteration 8 / LogL: -45532.231 / Time: 0h:0m:30s
Iteration 9 / LogL: -45532.355 / Time: 0h:0m:30s
Iteration 10 / LogL: -45532.357 / Time: 0h:0m:30s
Iteration 11 / LogL: -45532.170 / Time: 0h:0m:30s
Iteration 12 / LogL: -45532.226 / Time: 0h:0m:30s
Iteration 13 / LogL: -45532.296 / Time: 0h:0m:30s
Iteration 14 / LogL: -45532.294 / Time: 0h:0m:30s
Iteration 15 / LogL: -45532.234 / Time: 0h:0m:30s
Iteration 16 / LogL: -45532.357 / Time: 0h:0m:30s
Iteration 17 / LogL: -45532.231 / Time: 0h:0m:30s
Iteration 18 / LogL: -45532.232 / Time: 0h:0m:30s
Iteration 19 / LogL: -45532.287 / Time: 0h:0m:30s
Iteration 20 / LogL: -45532.234 / Time: 0h:0m:30s
Average CPU time for 1 NNI search: 0.220
Finish initializing candidate tree set. Number of distinct locally optimal trees: 20
Current best tree score: -45530.848 / CPU time: 10.826
--------------------------------------------------------------------
|               OPTIMIZING CANDIDATE TREE SET                      |
--------------------------------------------------------------------
Iteration 30 / LogL: -45532.207 / Time: 0h:0m:31s (0h:0m:12s left)
Iteration 40 / LogL: -45531.461 / Time: 0h:0m:31s (0h:0m:8s left)
Iteration 50 / LogL: -45535.050 / Time: 0h:0m:32s (0h:0m:6s left)
Iteration 60 / LogL: -45535.194 / Time: 0h:0m:32s (0h:0m:4s left)
Iteration 70 / LogL: -45534.156 / Time: 0h:0m:32s (0h:0m:3s left)
Iteration 80 / LogL: -45540.345 / Time: 0h:0m:33s (0h:0m:1s left)
Iteration 90 / LogL: -45543.527 / Time: 0h:0m:33s (0h:0m:0s left)
Iteration 100 / LogL: -45537.871 / Time: 0h:0m:34s (0h:0m:0s left)
TREE SEARCH COMPLETED AFTER 101 ITERATIONS / Time: 0h:0m:34s

--------------------------------------------------------------------
|                    FINALIZING TREE SEARCH                        |
--------------------------------------------------------------------
Performs final model parameters optimization
Estimate model parameters (epsilon = 0.010)
1. Initial log-likelihood: -45530.848
2. Current log-likelihood: -45530.783
3. Current log-likelihood: -45530.739
4. Current log-likelihood: -45530.709
5. Current log-likelihood: -45530.688
6. Current log-likelihood: -45530.673
7. Current log-likelihood: -45530.663
Optimal log-likelihood: -45530.656
Rate parameters:  A-C: 0.502  A-G: 3.084  A-T: 0.502  C-G: 1.000  C-T: 7.908  G-T: 1.000
Base frequencies:   A: 0.262  C: 0.203  G: 0.209  T: 0.326
Site proportion and rates:  (0.966,0.000) (0.034,29.738)
Parameters optimization took 7 rounds (0.193 sec)

BEST SCORE FOUND : -45530.656
Total tree length: 0.017

Total number of iterations: 101
CPU time used for tree search: 36.747 sec (0h:0m:36s)
Wall-clock time used for tree search: 4.787 sec (0h:0m:4s)
Total CPU time used: 266.472 sec (0h:4m:26s)
Total wall-clock time used: 34.363 sec (0h:0m:34s)

Analysis results written to: 
  IQ-TREE report:                mers.fas.iqtree
  Maximum-likelihood tree:       mers.fas.treefile
  Likelihood distances:          mers.fas.mldist
  Screen log file:               mers.fas.log

Date and Time: Mon Nov 30 16:04:41 2015
